<?xml version="1.0" encoding="UTF-8"?>
<coverage generated="1522346209395" clover="3.2.0">
  <project timestamp="1522346209395" name="All files">
    <metrics statements="9" coveredstatements="9" conditionals="6" coveredconditionals="6" methods="2" coveredmethods="2" elements="17" coveredelements="17" complexity="0" loc="9" ncloc="9" packages="1" files="1" classes="1">
      <file name="map.js" path="C:\env\git\react-ninja\jest-in-practice\src\map\map.js">
        <metrics statements="9" coveredstatements="9" conditionals="6" coveredconditionals="6" methods="2" coveredmethods="2"/>
        <line num="3" count="2" type="cond" truecount="2" falsecount="0"/>
        <line num="5" count="11" type="cond" truecount="2" falsecount="0"/>
        <line num="6" count="1" type="stmt"/>
        <line num="9" count="10" type="cond" truecount="2" falsecount="0"/>
        <line num="10" count="1" type="stmt"/>
        <line num="13" count="9" type="stmt"/>
        <line num="15" count="9" type="stmt"/>
        <line num="16" count="16" type="stmt"/>
        <line num="19" count="9" type="stmt"/>
      </file>
    </metrics>
  </project>
</coverage>
