{"C:\\env\\git\\react-ninja\\jest-in-practice\\src\\filter\\filter-recursive.js": {"path":"C:\\env\\git\\react-ninja\\jest-in-practice\\src\\filter\\filter-recursive.js","statementMap":{"0":{"start":{"line":3,"column":12},"end":{"line":15,"column":1}},"1":{"start":{"line":3,"column":40},"end":{"line":3,"column":44}},"2":{"start":{"line":5,"column":18},"end":{"line":5,"column":19}},"3":{"start":{"line":7,"column":24},"end":{"line":12,"column":5}},"4":{"start":{"line":8,"column":32},"end":{"line":8,"column":45}},"5":{"start":{"line":9,"column":8},"end":{"line":11,"column":9}},"6":{"start":{"line":14,"column":4},"end":{"line":14,"column":27}}},"fnMap":{"0":{"name":"(anonymous_0)","decl":{"start":{"line":3,"column":12},"end":{"line":3,"column":13}},"loc":{"start":{"line":3,"column":49},"end":{"line":15,"column":1}},"line":3},"1":{"name":"(anonymous_1)","decl":{"start":{"line":3,"column":30},"end":{"line":3,"column":31}},"loc":{"start":{"line":3,"column":40},"end":{"line":3,"column":44}},"line":3},"2":{"name":"(anonymous_2)","decl":{"start":{"line":7,"column":24},"end":{"line":7,"column":25}},"loc":{"start":{"line":7,"column":43},"end":{"line":12,"column":5}},"line":7}},"branchMap":{"0":{"loc":{"start":{"line":3,"column":13},"end":{"line":3,"column":21}},"type":"default-arg","locations":[{"start":{"line":3,"column":19},"end":{"line":3,"column":21}}],"line":3},"1":{"loc":{"start":{"line":3,"column":23},"end":{"line":3,"column":44}},"type":"default-arg","locations":[{"start":{"line":3,"column":30},"end":{"line":3,"column":44}}],"line":3},"2":{"loc":{"start":{"line":9,"column":15},"end":{"line":11,"column":9}},"type":"cond-expr","locations":[{"start":{"line":9,"column":44},"end":{"line":9,"column":49}},{"start":{"line":9,"column":52},"end":{"line":11,"column":9}}],"line":9},"3":{"loc":{"start":{"line":10,"column":13},"end":{"line":10,"column":53}},"type":"cond-expr","locations":[{"start":{"line":10,"column":42},"end":{"line":10,"column":46}},{"start":{"line":10,"column":49},"end":{"line":10,"column":53}}],"line":10}},"s":{"0":1,"1":0,"2":5,"3":5,"4":24,"5":24,"6":5},"f":{"0":5,"1":0,"2":24},"b":{"0":[0],"1":[0],"2":[5,19],"3":[13,6]},"_coverageSchema":"332fd63041d2c1bcb487cc26dd0d5f7d97098a6c","hash":"13f70faea32f9e365234b2cd18433c3bdf489f04"}
}
