{"C:\\env\\git\\react-ninja\\jest-in-practice\\div.js": {"path":"C:\\env\\git\\react-ninja\\jest-in-practice\\div.js","statementMap":{},"fnMap":{"0":{"name":"(anonymous_0)","decl":{"start":{"line":1,"column":15},"end":{"line":1,"column":16}},"loc":{"start":{"line":1,"column":21},"end":{"line":1,"column":23}},"line":1}},"branchMap":{},"s":{},"f":{"0":0},"b":{},"_coverageSchema":"332fd63041d2c1bcb487cc26dd0d5f7d97098a6c","hash":"2deaa1bec6f8f705d9fc518b9460edec2c3268f8"}
,"C:\\env\\git\\react-ninja\\jest-in-practice\\sum.js": {"path":"C:\\env\\git\\react-ninja\\jest-in-practice\\sum.js","statementMap":{"0":{"start":{"line":1,"column":11},"end":{"line":1,"column":26}},"1":{"start":{"line":1,"column":21},"end":{"line":1,"column":26}}},"fnMap":{"0":{"name":"(anonymous_0)","decl":{"start":{"line":1,"column":11},"end":{"line":1,"column":12}},"loc":{"start":{"line":1,"column":21},"end":{"line":1,"column":26}},"line":1}},"branchMap":{},"s":{"0":1,"1":2},"f":{"0":2},"b":{},"_coverageSchema":"332fd63041d2c1bcb487cc26dd0d5f7d97098a6c","hash":"90215ce67e83affa87490e9cfd5ae6ee12bca0aa"}
}
