TN:
SF:C:\env\git\react-ninja\jest-in-practice\src\every\every-recursive.js
FN:3,(anonymous_0)
FN:3,(anonymous_1)
FN:5,everyInternal
FNF:3
FNH:3
FNDA:8,(anonymous_0)
FNDA:2,(anonymous_1)
FNDA:18,everyInternal
DA:3,2
DA:5,8
DA:6,18
DA:8,18
LF:4
LH:4
BRDA:3,0,0,1
BRDA:3,1,0,3
BRDA:8,2,0,6
BRDA:8,2,1,12
BRDA:10,3,0,2
BRDA:10,3,1,10
BRF:6
BRH:6
end_of_record
TN:
SF:C:\env\git\react-ninja\jest-in-practice\src\every\every.js
FN:3,(anonymous_0)
FN:3,(anonymous_1)
FNF:2
FNH:2
FNDA:8,(anonymous_0)
FNDA:2,(anonymous_1)
DA:3,2
DA:5,8
DA:6,12
DA:7,2
DA:11,6
LF:5
LH:5
BRDA:3,0,0,1
BRDA:3,1,0,3
BRDA:6,2,0,2
BRDA:6,2,1,10
BRF:4
BRH:4
end_of_record
TN:
SF:C:\env\git\react-ninja\jest-in-practice\src\filter\filter-recursive.js
FN:3,(anonymous_0)
FN:3,(anonymous_1)
FN:5,filterInternal
FNF:3
FNH:3
FNDA:7,(anonymous_0)
FNDA:3,(anonymous_1)
FNDA:29,filterInternal
DA:3,3
DA:5,7
DA:6,29
DA:7,29
LF:4
LH:4
BRDA:3,0,0,1
BRDA:3,1,0,2
BRDA:7,2,0,7
BRDA:7,2,1,22
BRDA:9,3,0,16
BRDA:9,3,1,6
BRF:6
BRH:6
end_of_record
TN:
SF:C:\env\git\react-ninja\jest-in-practice\src\filter\filter.js
FN:3,(anonymous_0)
FN:3,(anonymous_1)
FNF:2
FNH:1
FNDA:5,(anonymous_0)
FNDA:0,(anonymous_1)
DA:3,1
DA:5,5
DA:7,5
DA:8,19
DA:9,13
DA:13,5
LF:6
LH:6
BRDA:3,0,0,0
BRDA:3,1,0,0
BRDA:8,2,0,13
BRDA:8,2,1,6
BRF:4
BRH:2
end_of_record
TN:
SF:C:\env\git\react-ninja\jest-in-practice\src\map\map-recursive.js
FN:3,(anonymous_0)
FN:3,(anonymous_1)
FN:7,(anonymous_2)
FNF:3
FNH:3
FNDA:9,(anonymous_0)
FNDA:2,(anonymous_1)
FNDA:25,(anonymous_2)
DA:3,2
DA:5,9
DA:7,9
DA:8,25
DA:9,25
DA:14,9
LF:6
LH:6
BRDA:3,0,0,1
BRDA:3,1,0,2
BRDA:9,2,0,9
BRDA:9,2,1,16
BRF:4
BRH:4
end_of_record
TN:
SF:C:\env\git\react-ninja\jest-in-practice\src\map\map.js
FN:3,(anonymous_0)
FN:3,(anonymous_1)
FNF:2
FNH:2
FNDA:9,(anonymous_0)
FNDA:2,(anonymous_1)
DA:3,2
DA:5,9
DA:7,9
DA:8,16
DA:11,9
LF:5
LH:5
BRDA:3,0,0,1
BRDA:3,1,0,2
BRF:2
BRH:2
end_of_record
TN:
SF:C:\env\git\react-ninja\jest-in-practice\src\some\some-recursive.js
FN:3,(anonymous_0)
FN:3,(anonymous_1)
FN:5,someInternal
FNF:3
FNH:3
FNDA:11,(anonymous_0)
FNDA:2,(anonymous_1)
FNDA:19,someInternal
DA:3,2
DA:5,11
DA:6,19
DA:8,19
LF:4
LH:4
BRDA:3,0,0,1
BRDA:3,1,0,3
BRDA:8,2,0,5
BRDA:8,2,1,14
BRDA:10,3,0,6
BRDA:10,3,1,8
BRF:6
BRH:6
end_of_record
TN:
SF:C:\env\git\react-ninja\jest-in-practice\src\some\some.js
FN:3,(anonymous_0)
FN:3,(anonymous_1)
FNF:2
FNH:2
FNDA:11,(anonymous_0)
FNDA:2,(anonymous_1)
DA:3,2
DA:5,11
DA:6,14
DA:7,6
DA:11,5
LF:5
LH:5
BRDA:3,0,0,1
BRDA:3,1,0,3
BRDA:6,2,0,6
BRDA:6,2,1,8
BRF:4
BRH:4
end_of_record
